<?xml version="1.0" encoding="UTF-8"?>
<!-- Generated by org.testng.reporters.JUnitXMLReporter -->
<testsuite hostname="DESKTOP-VNUEGKJ" ignored="0" name="Default test" tests="6" failures="0" timestamp="27 Jun 2022 07:47:04 GMT" time="7.982" errors="0">
  <testcase name="login" time="4.774" classname="com.omr.test.OMRBranchClub"/>
  <testcase name="addAddress" time="0.689" classname="com.omr.test.OMRBranchClub"/>
  <testcase name="updateAddress" time="0.441" classname="com.omr.test.OMRBranchClub"/>
  <testcase name="getAddress" time="0.6" classname="com.omr.test.OMRBranchClub"/>
  <testcase name="deleteAddress" time="0.378" classname="com.omr.test.OMRBranchClub"/>
  <testcase name="changeProfilePic" time="1.018" classname="com.omr.test.OMRBranchClub"/>
</testsuite> <!-- Default test -->
