<?xml version="1.0" encoding="UTF-8"?>
<testng-results skipped="0" failed="0" ignored="0" total="6" passed="6">
  <reporter-output>
  </reporter-output>
  <suite name="Default suite" duration-ms="7982" started-at="2022-06-27T07:46:56Z" finished-at="2022-06-27T07:47:04Z">
    <groups>
    </groups>
    <test name="Default test" duration-ms="7982" started-at="2022-06-27T07:46:56Z" finished-at="2022-06-27T07:47:04Z">
      <class name="com.omr.test.OMRBranchClub">
        <test-method status="PASS" signature="login()[pri:1, instance:com.omr.test.OMRBranchClub@56620197]" name="login" duration-ms="4774" started-at="2022-06-27T07:46:56Z" finished-at="2022-06-27T07:47:01Z">
          <reporter-output>
          </reporter-output>
        </test-method> <!-- login -->
        <test-method status="PASS" signature="addAddress()[pri:2, instance:com.omr.test.OMRBranchClub@56620197]" name="addAddress" duration-ms="689" started-at="2022-06-27T07:47:01Z" finished-at="2022-06-27T07:47:01Z">
          <reporter-output>
          </reporter-output>
        </test-method> <!-- addAddress -->
        <test-method status="PASS" signature="updateAddress()[pri:3, instance:com.omr.test.OMRBranchClub@56620197]" name="updateAddress" duration-ms="441" started-at="2022-06-27T07:47:01Z" finished-at="2022-06-27T07:47:02Z">
          <reporter-output>
          </reporter-output>
        </test-method> <!-- updateAddress -->
        <test-method status="PASS" signature="getAddress()[pri:4, instance:com.omr.test.OMRBranchClub@56620197]" name="getAddress" duration-ms="600" started-at="2022-06-27T07:47:02Z" finished-at="2022-06-27T07:47:02Z">
          <reporter-output>
          </reporter-output>
        </test-method> <!-- getAddress -->
        <test-method status="PASS" signature="deleteAddress()[pri:5, instance:com.omr.test.OMRBranchClub@56620197]" name="deleteAddress" duration-ms="378" started-at="2022-06-27T07:47:02Z" finished-at="2022-06-27T07:47:03Z">
          <reporter-output>
          </reporter-output>
        </test-method> <!-- deleteAddress -->
        <test-method status="PASS" signature="changeProfilePic()[pri:6, instance:com.omr.test.OMRBranchClub@56620197]" name="changeProfilePic" duration-ms="1018" started-at="2022-06-27T07:47:03Z" finished-at="2022-06-27T07:47:04Z">
          <reporter-output>
          </reporter-output>
        </test-method> <!-- changeProfilePic -->
      </class> <!-- com.omr.test.OMRBranchClub -->
    </test> <!-- Default test -->
  </suite> <!-- Default suite -->
</testng-results>
